mode: set
/home/aurelien/Desktop/bigprojects/games/voxel/src/terrain/chunk/noise/distribution.go:14.83,16.36 2 0
/home/aurelien/Desktop/bigprojects/games/voxel/src/terrain/chunk/noise/distribution.go:22.5,22.57 1 0
/home/aurelien/Desktop/bigprojects/games/voxel/src/terrain/chunk/noise/distribution.go:16.36,17.33 1 0
/home/aurelien/Desktop/bigprojects/games/voxel/src/terrain/chunk/noise/distribution.go:20.9,20.101 1 0
/home/aurelien/Desktop/bigprojects/games/voxel/src/terrain/chunk/noise/distribution.go:17.33,18.66 1 0
/home/aurelien/Desktop/bigprojects/games/voxel/src/terrain/chunk/noise/distribution.go:25.86,29.33 4 0
/home/aurelien/Desktop/bigprojects/games/voxel/src/terrain/chunk/noise/distribution.go:36.5,36.37 1 0
/home/aurelien/Desktop/bigprojects/games/voxel/src/terrain/chunk/noise/distribution.go:94.5,94.16 1 0
/home/aurelien/Desktop/bigprojects/games/voxel/src/terrain/chunk/noise/distribution.go:29.33,31.49 2 0
/home/aurelien/Desktop/bigprojects/games/voxel/src/terrain/chunk/noise/distribution.go:31.49,33.10 1 0
/home/aurelien/Desktop/bigprojects/games/voxel/src/terrain/chunk/noise/distribution.go:36.37,43.25 6 0
/home/aurelien/Desktop/bigprojects/games/voxel/src/terrain/chunk/noise/distribution.go:43.25,46.29 3 0
/home/aurelien/Desktop/bigprojects/games/voxel/src/terrain/chunk/noise/distribution.go:89.13,91.38 3 0
/home/aurelien/Desktop/bigprojects/games/voxel/src/terrain/chunk/noise/distribution.go:46.29,49.33 3 0
/home/aurelien/Desktop/bigprojects/games/voxel/src/terrain/chunk/noise/distribution.go:85.17,87.42 3 0
/home/aurelien/Desktop/bigprojects/games/voxel/src/terrain/chunk/noise/distribution.go:49.33,60.44 10 0
/home/aurelien/Desktop/bigprojects/games/voxel/src/terrain/chunk/noise/distribution.go:81.21,83.46 3 0
/home/aurelien/Desktop/bigprojects/games/voxel/src/terrain/chunk/noise/distribution.go:60.44,67.48 7 0
/home/aurelien/Desktop/bigprojects/games/voxel/src/terrain/chunk/noise/distribution.go:79.25,79.28 1 0
/home/aurelien/Desktop/bigprojects/games/voxel/src/terrain/chunk/noise/distribution.go:67.48,72.52 5 0
/home/aurelien/Desktop/bigprojects/games/voxel/src/terrain/chunk/noise/distribution.go:77.29,77.32 1 0
/home/aurelien/Desktop/bigprojects/games/voxel/src/terrain/chunk/noise/distribution.go:72.52,76.30 3 0
/home/aurelien/Desktop/bigprojects/games/voxel/src/terrain/chunk/noise/distribution.go:97.51,98.26 1 0
/home/aurelien/Desktop/bigprojects/games/voxel/src/terrain/chunk/noise/distribution.go:101.5,105.37 5 0
/home/aurelien/Desktop/bigprojects/games/voxel/src/terrain/chunk/noise/distribution.go:108.5,108.63 1 0
/home/aurelien/Desktop/bigprojects/games/voxel/src/terrain/chunk/noise/distribution.go:98.26,100.6 1 0
/home/aurelien/Desktop/bigprojects/games/voxel/src/terrain/chunk/noise/distribution.go:105.37,107.6 1 0
/home/aurelien/Desktop/bigprojects/games/voxel/src/terrain/chunk/noise/distribution.go:111.64,136.2 24 0
/home/aurelien/Desktop/bigprojects/games/voxel/src/terrain/chunk/noise/distribution.go:138.50,141.2 2 0
